<?xml version="1.0" encoding="UTF-8"?>
<!-- Generated by org.testng.reporters.JUnitXMLReporter -->
<testsuite ignored="0" hostname="bhagyak" failures="0" tests="2" name="Default test" time="0.322" errors="0" timestamp="2024-12-18T13:30:13 IST">
  <testcase classname="day6.SerializationDeserialization" name="deSerialization_convertFromJSONToPOJO" time="0.257"/>
  <testcase classname="day6.SerializationDeserialization" name="serialization_converttoJson" time="0.017"/>
</testsuite> <!-- Default test -->
