<?xml version="1.0" encoding="UTF-8"?>
<testng-results ignored="0" total="2" passed="2" failed="0" skipped="0">
  <reporter-output>
  </reporter-output>
  <suite started-at="2024-11-24T07:52:02 IST" name="Default suite" finished-at="2024-11-24T07:52:04 IST" duration-ms="1839">
    <groups>
    </groups>
    <test started-at="2024-11-24T07:52:02 IST" name="Default test" finished-at="2024-11-24T07:52:04 IST" duration-ms="1839">
      <class name="day2.DiffWaysToCreatePostRequestBody">
        <test-method signature="testPostUsingExtenalJSONFile()[pri:1, instance:day2.DiffWaysToCreatePostRequestBody@5677323c]" started-at="2024-11-24T07:52:02 IST" name="testPostUsingExtenalJSONFile" finished-at="2024-11-24T07:52:04 IST" duration-ms="1781" status="PASS">
          <reporter-output>
          </reporter-output>
        </test-method> <!-- testPostUsingExtenalJSONFile -->
        <test-method signature="deleteUser()[pri:2, instance:day2.DiffWaysToCreatePostRequestBody@5677323c]" started-at="2024-11-24T07:52:04 IST" name="deleteUser" finished-at="2024-11-24T07:52:04 IST" duration-ms="20" status="PASS">
          <reporter-output>
          </reporter-output>
        </test-method> <!-- deleteUser -->
      </class> <!-- day2.DiffWaysToCreatePostRequestBody -->
    </test> <!-- Default test -->
  </suite> <!-- Default suite -->
</testng-results>
