<?xml version="1.0" encoding="UTF-8"?>
<testng-results ignored="0" total="4" passed="4" failed="0" skipped="0">
  <reporter-output>
  </reporter-output>
  <suite started-at="2024-11-22T20:13:56 IST" name="Default suite" finished-at="2024-11-22T20:13:59 IST" duration-ms="3332">
    <groups>
    </groups>
    <test started-at="2024-11-22T20:13:56 IST" name="Default test" finished-at="2024-11-22T20:13:59 IST" duration-ms="3332">
      <class name="day1.HTTPRequests">
        <test-method signature="getListOfUsers()[pri:1, instance:day1.HTTPRequests@18df8434]" started-at="2024-11-22T20:13:56 IST" name="getListOfUsers" finished-at="2024-11-22T20:13:58 IST" duration-ms="1942" status="PASS">
          <reporter-output>
          </reporter-output>
        </test-method> <!-- getListOfUsers -->
        <test-method signature="createUser_GetUserId()[pri:2, instance:day1.HTTPRequests@18df8434]" started-at="2024-11-22T20:13:58 IST" name="createUser_GetUserId" finished-at="2024-11-22T20:13:58 IST" duration-ms="637" status="PASS">
          <reporter-output>
          </reporter-output>
        </test-method> <!-- createUser_GetUserId -->
        <test-method signature="updateUser()[pri:3, instance:day1.HTTPRequests@18df8434]" started-at="2024-11-22T20:13:58 IST" name="updateUser" finished-at="2024-11-22T20:13:59 IST" depends-on-methods="day1.HTTPRequests.createUser_GetUserId" duration-ms="366" status="PASS">
          <reporter-output>
          </reporter-output>
        </test-method> <!-- updateUser -->
        <test-method signature="deleteUser()[pri:4, instance:day1.HTTPRequests@18df8434]" started-at="2024-11-22T20:13:59 IST" name="deleteUser" finished-at="2024-11-22T20:13:59 IST" duration-ms="338" status="PASS">
          <reporter-output>
          </reporter-output>
        </test-method> <!-- deleteUser -->
      </class> <!-- day1.HTTPRequests -->
    </test> <!-- Default test -->
  </suite> <!-- Default suite -->
</testng-results>
